<?xml version="1.0" encoding="UTF-8"?>
<!-- Generated by org.testng.reporters.JUnitReportReporter -->
<testsuite hostname="LAPTOP-E1NRTU5J" failures="1" tests="127" name="api.test.DDTUserTestsNumpy" time="52.693" errors="2" timestamp="2024-10-18T12:15:41 CDT" skipped="0">
  <testcase classname="api.test.DDTUserTestsNumpy" name="testPostUser" time="0.382"/>
  <testcase classname="api.test.DDTUserTestsNumpy" name="testPostUser" time="0.378"/>
  <testcase classname="api.test.DDTUserTestsNumpy" name="testPostUser" time="0.390"/>
  <testcase classname="api.test.DDTUserTestsNumpy" name="testPostUser" time="0.008">
    <error message="Cannot serialize object because no XML serializer found in classpath. Please put a JAXB or JakartaEE compliant object mapper in classpath." type="java.lang.IllegalStateException">
      <![CDATA[java.lang.IllegalStateException: Cannot serialize object because no XML serializer found in classpath. Please put a JAXB or JakartaEE compliant object mapper in classpath.
at java.base/jdk.internal.reflect.DirectConstructorHandleAccessor.newInstance(DirectConstructorHandleAccessor.java:62)
at java.base/java.lang.reflect.Constructor.newInstanceWithCaller(Constructor.java:502)
at java.base/java.lang.reflect.Constructor.newInstance(Constructor.java:486)
at org.codehaus.groovy.reflection.CachedConstructor.invoke(CachedConstructor.java:73)
at org.codehaus.groovy.runtime.callsite.ConstructorSite$ConstructorSiteNoUnwrapNoCoerce.callConstructor(ConstructorSite.java:108)
at org.codehaus.groovy.runtime.callsite.CallSiteArray.defaultCallConstructor(CallSiteArray.java:57)
at org.codehaus.groovy.runtime.callsite.AbstractCallSite.callConstructor(AbstractCallSite.java:263)
at org.codehaus.groovy.runtime.callsite.AbstractCallSite.callConstructor(AbstractCallSite.java:277)
at io.restassured.internal.mapping.ObjectMapping.serialize(ObjectMapping.groovy:171)
at io.restassured.internal.mapping.ObjectMapping$serialize.call(Unknown Source)
at io.restassured.internal.RequestSpecificationImpl.body(RequestSpecificationImpl.groovy:770)
at api.endpoints.UserEndpointsNumpyDDT.createUser(UserEndpointsNumpyDDT.java:35)
at api.test.DDTUserTestsNumpy.testPostUser(DDTUserTestsNumpy.java:70)
at java.base/jdk.internal.reflect.DirectMethodHandleAccessor.invoke(DirectMethodHandleAccessor.java:103)
at java.base/java.lang.reflect.Method.invoke(Method.java:580)
at org.testng.internal.invokers.MethodInvocationHelper.invokeMethod(MethodInvocationHelper.java:141)
at org.testng.internal.invokers.TestInvoker.invokeMethod(TestInvoker.java:686)
at org.testng.internal.invokers.TestInvoker.invokeTestMethod(TestInvoker.java:230)
at org.testng.internal.invokers.MethodRunner.runInSequence(MethodRunner.java:63)
at org.testng.internal.invokers.TestInvoker$MethodInvocationAgent.invoke(TestInvoker.java:992)
at org.testng.internal.invokers.TestInvoker.invokeTestMethods(TestInvoker.java:203)
at org.testng.internal.invokers.TestMethodWorker.invokeTestMethods(TestMethodWorker.java:154)
at org.testng.internal.invokers.TestMethodWorker.run(TestMethodWorker.java:134)
at java.base/java.util.ArrayList.forEach(ArrayList.java:1596)
at org.testng.TestRunner.privateRun(TestRunner.java:739)
at org.testng.TestRunner.run(TestRunner.java:614)
at org.testng.SuiteRunner.runTest(SuiteRunner.java:421)
at org.testng.SuiteRunner.runSequentially(SuiteRunner.java:413)
at org.testng.SuiteRunner.privateRun(SuiteRunner.java:373)
at org.testng.SuiteRunner.run(SuiteRunner.java:312)
at org.testng.SuiteRunnerWorker.runSuite(SuiteRunnerWorker.java:52)
at org.testng.SuiteRunnerWorker.run(SuiteRunnerWorker.java:95)
at org.testng.TestNG.runSuitesSequentially(TestNG.java:1274)
at org.testng.TestNG.runSuitesLocally(TestNG.java:1208)
at org.testng.TestNG.runSuites(TestNG.java:1112)
at org.testng.TestNG.run(TestNG.java:1079)
at org.testng.remote.AbstractRemoteTestNG.run(AbstractRemoteTestNG.java:115)
at org.testng.remote.RemoteTestNG.initAndRun(RemoteTestNG.java:293)
at org.testng.remote.RemoteTestNG.main(RemoteTestNG.java:91)
]]>
    </error>
  </testcase> <!-- testPostUser -->
  <testcase classname="api.test.DDTUserTestsNumpy" name="testPostUser" time="0.387"/>
  <testcase classname="api.test.DDTUserTestsNumpy" name="testPostUser" time="0.399"/>
  <testcase classname="api.test.DDTUserTestsNumpy" name="testPostUser" time="0.379"/>
  <testcase classname="api.test.DDTUserTestsNumpy" name="testPostUser" time="0.399"/>
  <testcase classname="api.test.DDTUserTestsNumpy" name="testPostUser" time="0.376"/>
  <testcase classname="api.test.DDTUserTestsNumpy" name="testPostUser" time="0.391"/>
  <testcase classname="api.test.DDTUserTestsNumpy" name="testPostUser" time="0.376"/>
  <testcase classname="api.test.DDTUserTestsNumpy" name="testPostUser" time="0.402"/>
  <testcase classname="api.test.DDTUserTestsNumpy" name="testPostUser" time="0.382"/>
  <testcase classname="api.test.DDTUserTestsNumpy" name="testPostUser" time="0.382"/>
  <testcase classname="api.test.DDTUserTestsNumpy" name="testPostUser" time="0.382"/>
  <testcase classname="api.test.DDTUserTestsNumpy" name="testPostUser" time="0.386"/>
  <testcase classname="api.test.DDTUserTestsNumpy" name="testPostUser" time="0.377"/>
  <testcase classname="api.test.DDTUserTestsNumpy" name="testPostUser" time="0.379"/>
  <testcase classname="api.test.DDTUserTestsNumpy" name="testPostUser" time="0.383"/>
  <testcase classname="api.test.DDTUserTestsNumpy" name="testPostUser" time="0.386"/>
  <testcase classname="api.test.DDTUserTestsNumpy" name="testPostUser" time="0.382"/>
  <testcase classname="api.test.DDTUserTestsNumpy" name="testPostUser" time="0.407"/>
  <testcase classname="api.test.DDTUserTestsNumpy" name="testPostUser" time="0.393"/>
  <testcase classname="api.test.DDTUserTestsNumpy" name="testPostUser" time="1.723"/>
  <testcase classname="api.test.DDTUserTestsNumpy" name="testPostUser" time="0.377"/>
  <testcase classname="api.test.DDTUserTestsNumpy" name="testPostUser" time="0.393"/>
  <testcase classname="api.test.DDTUserTestsNumpy" name="testPostUser" time="0.382"/>
  <testcase classname="api.test.DDTUserTestsNumpy" name="testPostUser" time="0.906"/>
  <testcase classname="api.test.DDTUserTestsNumpy" name="testPostUser" time="0.379"/>
  <testcase classname="api.test.DDTUserTestsNumpy" name="testPostUser" time="0.393"/>
  <testcase classname="api.test.DDTUserTestsNumpy" name="testPostUser" time="0.403"/>
  <testcase classname="api.test.DDTUserTestsNumpy" name="testPostUser" time="0.391"/>
  <testcase classname="api.test.DDTUserTestsNumpy" name="testPostUser" time="0.384"/>
  <testcase classname="api.test.DDTUserTestsNumpy" name="testPostUser" time="0.386"/>
  <testcase classname="api.test.DDTUserTestsNumpy" name="testPostUser" time="0.386"/>
  <testcase classname="api.test.DDTUserTestsNumpy" name="testPostUser" time="0.385"/>
  <testcase classname="api.test.DDTUserTestsNumpy" name="testPostUser" time="0.386"/>
  <testcase classname="api.test.DDTUserTestsNumpy" name="testPostUser" time="0.384"/>
  <testcase classname="api.test.DDTUserTestsNumpy" name="testGetAllUsers" time="0.451"/>
  <testcase classname="api.test.DDTUserTestsNumpy" name="testGetAllUsers" time="0.387"/>
  <testcase classname="api.test.DDTUserTestsNumpy" name="testGetAllUsers" time="0.381"/>
  <testcase classname="api.test.DDTUserTestsNumpy" name="testGetAllUsers" time="0.376"/>
  <testcase classname="api.test.DDTUserTestsNumpy" name="testGetAllUsers" time="0.396"/>
  <testcase classname="api.test.DDTUserTestsNumpy" name="testGetAllUsers" time="1.523"/>
  <testcase classname="api.test.DDTUserTestsNumpy" name="testGetAllUsers" time="0.375"/>
  <testcase classname="api.test.DDTUserTestsNumpy" name="GetUserById" time="0.384"/>
  <testcase classname="api.test.DDTUserTestsNumpy" name="GetUserById" time="0.384"/>
  <testcase classname="api.test.DDTUserTestsNumpy" name="GetUserById" time="0.382"/>
  <testcase classname="api.test.DDTUserTestsNumpy" name="GetUserById" time="0.370"/>
  <testcase classname="api.test.DDTUserTestsNumpy" name="GetUserById" time="0.386"/>
  <testcase classname="api.test.DDTUserTestsNumpy" name="GetUserById" time="0.386"/>
  <testcase classname="api.test.DDTUserTestsNumpy" name="GetUserById" time="0.380"/>
  <testcase classname="api.test.DDTUserTestsNumpy" name="GetUserById" time="0.377"/>
  <testcase classname="api.test.DDTUserTestsNumpy" name="GetUserById" time="0.378"/>
  <testcase classname="api.test.DDTUserTestsNumpy" name="GetUserById" time="0.393"/>
  <testcase classname="api.test.DDTUserTestsNumpy" name="GetUserByFirstName" time="0.603"/>
  <testcase classname="api.test.DDTUserTestsNumpy" name="GetUserByFirstName" time="0.530"/>
  <testcase classname="api.test.DDTUserTestsNumpy" name="GetUserByFirstName" time="0.377"/>
  <testcase classname="api.test.DDTUserTestsNumpy" name="GetUserByFirstName" time="0.632"/>
  <testcase classname="api.test.DDTUserTestsNumpy" name="GetUserByFirstName" time="0.529"/>
  <testcase classname="api.test.DDTUserTestsNumpy" name="GetUserByFirstName" time="0.531"/>
  <testcase classname="api.test.DDTUserTestsNumpy" name="GetUserByFirstName" time="0.376"/>
  <testcase classname="api.test.DDTUserTestsNumpy" name="GetUserByFirstName" time="0.529"/>
  <testcase classname="api.test.DDTUserTestsNumpy" name="GetUserByFirstName" time="0.543"/>
  <testcase classname="api.test.DDTUserTestsNumpy" name="GetUserByFirstName" time="0.530"/>
  <testcase classname="api.test.DDTUserTestsNumpy" name="GetUserByFirstName" time="0.517"/>
  <testcase classname="api.test.DDTUserTestsNumpy" name="GetUserByFirstName" time="0.529"/>
  <testcase classname="api.test.DDTUserTestsNumpy" name="UpdateUserById" time="0.374"/>
  <testcase classname="api.test.DDTUserTestsNumpy" name="UpdateUserById" time="0.374"/>
  <testcase classname="api.test.DDTUserTestsNumpy" name="UpdateUserById" time="0.380"/>
  <testcase classname="api.test.DDTUserTestsNumpy" name="UpdateUserById" time="0.377"/>
  <testcase classname="api.test.DDTUserTestsNumpy" name="UpdateUserById" time="0.432"/>
  <testcase classname="api.test.DDTUserTestsNumpy" name="UpdateUserById" time="0.379"/>
  <testcase classname="api.test.DDTUserTestsNumpy" name="UpdateUserById" time="0.375"/>
  <testcase classname="api.test.DDTUserTestsNumpy" name="UpdateUserById" time="0.377"/>
  <testcase classname="api.test.DDTUserTestsNumpy" name="UpdateUserById" time="0.366"/>
  <testcase classname="api.test.DDTUserTestsNumpy" name="UpdateUserById" time="0.378"/>
  <testcase classname="api.test.DDTUserTestsNumpy" name="UpdateUserById" time="0.391"/>
  <testcase classname="api.test.DDTUserTestsNumpy" name="UpdateUserById" time="0.386"/>
  <testcase classname="api.test.DDTUserTestsNumpy" name="UpdateUserById" time="0.369"/>
  <testcase classname="api.test.DDTUserTestsNumpy" name="UpdateUserById" time="0.374"/>
  <testcase classname="api.test.DDTUserTestsNumpy" name="UpdateUserById" time="0.372"/>
  <testcase classname="api.test.DDTUserTestsNumpy" name="UpdateUserById" time="0.378"/>
  <testcase classname="api.test.DDTUserTestsNumpy" name="UpdateUserById" time="0.377"/>
  <testcase classname="api.test.DDTUserTestsNumpy" name="UpdateUserById" time="0.399"/>
  <testcase classname="api.test.DDTUserTestsNumpy" name="UpdateUserById" time="0.379"/>
  <testcase classname="api.test.DDTUserTestsNumpy" name="UpdateUserById" time="0.370"/>
  <testcase classname="api.test.DDTUserTestsNumpy" name="UpdateUserById" time="0.376"/>
  <testcase classname="api.test.DDTUserTestsNumpy" name="UpdateUserById" time="0.380"/>
  <testcase classname="api.test.DDTUserTestsNumpy" name="UpdateUserById" time="0.384"/>
  <testcase classname="api.test.DDTUserTestsNumpy" name="UpdateUserById" time="0.383"/>
  <testcase classname="api.test.DDTUserTestsNumpy" name="UpdateUserById" time="0.378"/>
  <testcase classname="api.test.DDTUserTestsNumpy" name="UpdateUserById" time="0.389"/>
  <testcase classname="api.test.DDTUserTestsNumpy" name="UpdateUserById" time="0.381"/>
  <testcase classname="api.test.DDTUserTestsNumpy" name="UpdateUserById" time="0.369"/>
  <testcase classname="api.test.DDTUserTestsNumpy" name="UpdateUserById" time="0.379"/>
  <testcase classname="api.test.DDTUserTestsNumpy" name="UpdateUserById" time="0.394"/>
  <testcase classname="api.test.DDTUserTestsNumpy" name="UpdateUserById" time="0.384"/>
  <testcase classname="api.test.DDTUserTestsNumpy" name="UpdateUserById" time="0.001">
    <error message="Cannot serialize object because no XML serializer found in classpath. Please put a JAXB or JakartaEE compliant object mapper in classpath." type="java.lang.IllegalStateException">
      <![CDATA[java.lang.IllegalStateException: Cannot serialize object because no XML serializer found in classpath. Please put a JAXB or JakartaEE compliant object mapper in classpath.
at java.base/jdk.internal.reflect.DirectConstructorHandleAccessor.newInstance(DirectConstructorHandleAccessor.java:62)
at java.base/java.lang.reflect.Constructor.newInstanceWithCaller(Constructor.java:502)
at java.base/java.lang.reflect.Constructor.newInstance(Constructor.java:486)
at org.codehaus.groovy.reflection.CachedConstructor.invoke(CachedConstructor.java:73)
at org.codehaus.groovy.runtime.callsite.ConstructorSite$ConstructorSiteNoUnwrapNoCoerce.callConstructor(ConstructorSite.java:108)
at org.codehaus.groovy.runtime.callsite.AbstractCallSite.callConstructor(AbstractCallSite.java:277)
at io.restassured.internal.mapping.ObjectMapping.serialize(ObjectMapping.groovy:171)
at io.restassured.internal.mapping.ObjectMapping$serialize.call(Unknown Source)
at io.restassured.internal.RequestSpecificationImpl.body(RequestSpecificationImpl.groovy:770)
at api.endpoints.UserEndpointsNumpyDDT.updateUserByUserId(UserEndpointsNumpyDDT.java:101)
at api.test.DDTUserTestsNumpy.UpdateUserById(DDTUserTestsNumpy.java:275)
at java.base/jdk.internal.reflect.DirectMethodHandleAccessor.invoke(DirectMethodHandleAccessor.java:103)
at java.base/java.lang.reflect.Method.invoke(Method.java:580)
at org.testng.internal.invokers.MethodInvocationHelper.invokeMethod(MethodInvocationHelper.java:141)
at org.testng.internal.invokers.TestInvoker.invokeMethod(TestInvoker.java:686)
at org.testng.internal.invokers.TestInvoker.invokeTestMethod(TestInvoker.java:230)
at org.testng.internal.invokers.MethodRunner.runInSequence(MethodRunner.java:63)
at org.testng.internal.invokers.TestInvoker$MethodInvocationAgent.invoke(TestInvoker.java:992)
at org.testng.internal.invokers.TestInvoker.invokeTestMethods(TestInvoker.java:203)
at org.testng.internal.invokers.TestMethodWorker.invokeTestMethods(TestMethodWorker.java:154)
at org.testng.internal.invokers.TestMethodWorker.run(TestMethodWorker.java:134)
at java.base/java.util.ArrayList.forEach(ArrayList.java:1596)
at org.testng.TestRunner.privateRun(TestRunner.java:739)
at org.testng.TestRunner.run(TestRunner.java:614)
at org.testng.SuiteRunner.runTest(SuiteRunner.java:421)
at org.testng.SuiteRunner.runSequentially(SuiteRunner.java:413)
at org.testng.SuiteRunner.privateRun(SuiteRunner.java:373)
at org.testng.SuiteRunner.run(SuiteRunner.java:312)
at org.testng.SuiteRunnerWorker.runSuite(SuiteRunnerWorker.java:52)
at org.testng.SuiteRunnerWorker.run(SuiteRunnerWorker.java:95)
at org.testng.TestNG.runSuitesSequentially(TestNG.java:1274)
at org.testng.TestNG.runSuitesLocally(TestNG.java:1208)
at org.testng.TestNG.runSuites(TestNG.java:1112)
at org.testng.TestNG.run(TestNG.java:1079)
at org.testng.remote.AbstractRemoteTestNG.run(AbstractRemoteTestNG.java:115)
at org.testng.remote.RemoteTestNG.initAndRun(RemoteTestNG.java:293)
at org.testng.remote.RemoteTestNG.main(RemoteTestNG.java:91)
]]>
    </error>
  </testcase> <!-- UpdateUserById -->
  <testcase classname="api.test.DDTUserTestsNumpy" name="UpdateUserById" time="0.402"/>
  <testcase classname="api.test.DDTUserTestsNumpy" name="UpdateUserById" time="0.391"/>
  <testcase classname="api.test.DDTUserTestsNumpy" name="UpdateUserById" time="0.375"/>
  <testcase classname="api.test.DDTUserTestsNumpy" name="UpdateUserById" time="0.389"/>
  <testcase classname="api.test.DDTUserTestsNumpy" name="UpdateUserById" time="0.375"/>
  <testcase classname="api.test.DDTUserTestsNumpy" name="UpdateUserById" time="0.373"/>
  <testcase classname="api.test.DDTUserTestsNumpy" name="DeleteUserByID" time="0.379"/>
  <testcase classname="api.test.DDTUserTestsNumpy" name="DeleteUserByID" time="0.382"/>
  <testcase classname="api.test.DDTUserTestsNumpy" name="DeleteUserByID" time="0.420"/>
  <testcase classname="api.test.DDTUserTestsNumpy" name="DeleteUserByID" time="0.388"/>
  <testcase classname="api.test.DDTUserTestsNumpy" name="DeleteUserByID" time="0.377"/>
  <testcase classname="api.test.DDTUserTestsNumpy" name="DeleteUserByID" time="0.377"/>
  <testcase classname="api.test.DDTUserTestsNumpy" name="DeleteUserByID" time="0.375"/>
  <testcase classname="api.test.DDTUserTestsNumpy" name="DeleteUserByID" time="0.397"/>
  <testcase classname="api.test.DDTUserTestsNumpy" name="DeleteUserByID" time="0.383"/>
  <testcase classname="api.test.DDTUserTestsNumpy" name="testPostUserWithMandatoryDetails" time="0.387">
    <failure message="The following asserts failed:
	expected [404] but found [404],
	expected [404] but found [404],
	expected [404] but found [404],
	expected [404] but found [404],
	expected [400] but found [400],
	expected [400] but found [400],
	expected [400] but found [400],
	expected [400] but found [400],
	expected [400] but found [400],
	expected [400] but found [400],
	expected [400] but found [400],
	expected [400] but found [400],
	expected [400] but found [400],
	expected [400] but found [200],
	expected [400] but found [400],
	expected [400] but found [400],
	expected [400] but found [400],
	expected [400] but found [400],
	expected [400] but found [400],
	expected [400] but found [400],
	expected [400] but found [400],
	expected [400] but found [400],
	expected [400] but found [400],
	expected [400] but found [400],
	expected [400] but found [400],
	expected [400] but found [400],
	expected [400] but found [400],
	expected [400] but found [400],
	expected [400] but found [400],
	expected [400] but found [400],
	expected [400] but found [400],
	expected [400] but found [200],
	expected [401] but found [401],
	expected [401] but found [401],
	expected [401] but found [401],
	expected [405] but found [405]" type="java.lang.AssertionError">
      <![CDATA[java.lang.AssertionError: The following asserts failed:
expected [404] but found [404],
expected [404] but found [404],
expected [404] but found [404],
expected [404] but found [404],
expected [400] but found [400],
expected [400] but found [400],
expected [400] but found [400],
expected [400] but found [400],
expected [400] but found [400],
expected [400] but found [400],
expected [400] but found [400],
expected [400] but found [400],
expected [400] but found [400],
expected [400] but found [200],
expected [400] but found [400],
expected [400] but found [400],
expected [400] but found [400],
expected [400] but found [400],
expected [400] but found [400],
expected [400] but found [400],
expected [400] but found [400],
expected [400] but found [400],
expected [400] but found [400],
expected [400] but found [400],
expected [400] but found [400],
expected [400] but found [400],
expected [400] but found [400],
expected [400] but found [400],
expected [400] but found [400],
expected [400] but found [400],
expected [400] but found [400],
expected [400] but found [200],
expected [401] but found [401],
expected [401] but found [401],
expected [401] but found [401],
expected [405] but found [405]
at org.testng.asserts.SoftAssert.assertAll(SoftAssert.java:46)
at org.testng.asserts.SoftAssert.assertAll(SoftAssert.java:30)
at api.test.DDTUserTestsNumpy.testPostUserWithMandatoryDetails(DDTUserTestsNumpy.java:369)
at java.base/jdk.internal.reflect.DirectMethodHandleAccessor.invoke(DirectMethodHandleAccessor.java:103)
at java.base/java.lang.reflect.Method.invoke(Method.java:580)
at org.testng.internal.invokers.MethodInvocationHelper.invokeMethod(MethodInvocationHelper.java:141)
at org.testng.internal.invokers.TestInvoker.invokeMethod(TestInvoker.java:686)
at org.testng.internal.invokers.TestInvoker.invokeTestMethod(TestInvoker.java:230)
at org.testng.internal.invokers.MethodRunner.runInSequence(MethodRunner.java:63)
at org.testng.internal.invokers.TestInvoker$MethodInvocationAgent.invoke(TestInvoker.java:992)
at org.testng.internal.invokers.TestInvoker.invokeTestMethods(TestInvoker.java:203)
at org.testng.internal.invokers.TestMethodWorker.invokeTestMethods(TestMethodWorker.java:154)
at org.testng.internal.invokers.TestMethodWorker.run(TestMethodWorker.java:134)
at java.base/java.util.ArrayList.forEach(ArrayList.java:1596)
at org.testng.TestRunner.privateRun(TestRunner.java:739)
at org.testng.TestRunner.run(TestRunner.java:614)
at org.testng.SuiteRunner.runTest(SuiteRunner.java:421)
at org.testng.SuiteRunner.runSequentially(SuiteRunner.java:413)
at org.testng.SuiteRunner.privateRun(SuiteRunner.java:373)
at org.testng.SuiteRunner.run(SuiteRunner.java:312)
at org.testng.SuiteRunnerWorker.runSuite(SuiteRunnerWorker.java:52)
at org.testng.SuiteRunnerWorker.run(SuiteRunnerWorker.java:95)
at org.testng.TestNG.runSuitesSequentially(TestNG.java:1274)
at org.testng.TestNG.runSuitesLocally(TestNG.java:1208)
at org.testng.TestNG.runSuites(TestNG.java:1112)
at org.testng.TestNG.run(TestNG.java:1079)
at org.testng.remote.AbstractRemoteTestNG.run(AbstractRemoteTestNG.java:115)
at org.testng.remote.RemoteTestNG.initAndRun(RemoteTestNG.java:293)
at org.testng.remote.RemoteTestNG.main(RemoteTestNG.java:91)
]]>
    </failure>
  </testcase> <!-- testPostUserWithMandatoryDetails -->
  <testcase classname="api.test.DDTUserTestsNumpy" name="DeleteUserByFirstName" time="0.378"/>
  <testcase classname="api.test.DDTUserTestsNumpy" name="DeleteUserByFirstName" time="0.434"/>
  <testcase classname="api.test.DDTUserTestsNumpy" name="DeleteUserByFirstName" time="0.398"/>
  <testcase classname="api.test.DDTUserTestsNumpy" name="DeleteUserByFirstName" time="0.377"/>
  <testcase classname="api.test.DDTUserTestsNumpy" name="DeleteUserByFirstName" time="0.386"/>
  <testcase classname="api.test.DDTUserTestsNumpy" name="DeleteUserByFirstName" time="0.377"/>
  <testcase classname="api.test.DDTUserTestsNumpy" name="DeleteUserByFirstName" time="0.380"/>
  <testcase classname="api.test.DDTUserTestsNumpy" name="DeleteUserByFirstName" time="0.371"/>
  <testcase classname="api.test.DDTUserTestsNumpy" name="DeleteUserByFirstName" time="0.385"/>
  <testcase classname="api.test.DDTUserTestsNumpy" name="DeleteUserByFirstName" time="0.379"/>
  <testcase classname="api.test.DDTUserTestsNumpy" name="DeleteUserByFirstName" time="0.380"/>
  <testcase classname="api.test.DDTUserTestsNumpy" name="DeleteUserByFirstName" time="0.374"/>
</testsuite> <!-- api.test.DDTUserTestsNumpy -->
